#-----------------------------------------------------------
# Vivado v2024.1 (64-bit)
# SW Build 5076996 on Wed May 22 18:36:09 MDT 2024
# IP Build 5075265 on Wed May 22 21:45:21 MDT 2024
# SharedData Build 5076995 on Wed May 22 18:29:18 MDT 2024
# Start of session at: Sun Jul  5 18:06:09 2026
# Process ID: 27788
# Current directory: /home/grzegorz/git/ARTY_Z7/AD4030/Software/vitis
# Command line: vivado
# Log file: /home/grzegorz/git/ARTY_Z7/AD4030/Software/vitis/vivado.log
# Journal file: /home/grzegorz/git/ARTY_Z7/AD4030/Software/vitis/vivado.jou
# Running On        :archlinux
# Platform          :Arch
# Operating System  :Arch Linux
# Processor Detail  :Intel(R) Core(TM) i7-10750H CPU @ 2.60GHz
# CPU Frequency     :3500.081 MHz
# CPU Physical cores:6
# CPU Logical cores :12
# Host memory       :67061 MB
# Swap memory       :4294 MB
# Total Virtual     :71356 MB
# Available Virtual :68503 MB
#-----------------------------------------------------------
start_gui
open_project /home/grzegorz/git/ARTY_Z7/AD4030/Software/vivado/workbench/workbench.xpr
WARNING: [Board 49-26] cannot add Board Part xilinx.com:vek280_es:part0:1.0 available at /opt/Xilinx/Vivado/2024.1/data/xhub/boards/XilinxBoardStore/boards/Xilinx/vek280/es/rev_a/1.0/board.xml as part xcve2802-vsvh1760-2lp-e-s-es1 specified in board_part file is either invalid or not available
WARNING: [Board 49-26] cannot add Board Part xilinx.com:vek280_es:part0:1.1 available at /opt/Xilinx/Vivado/2024.1/data/xhub/boards/XilinxBoardStore/boards/Xilinx/vek280/es/rev_a/1.1/board.xml as part xcve2802-vsvh1760-2lp-e-s-es1 specified in board_part file is either invalid or not available
WARNING: [Board 49-26] cannot add Board Part xilinx.com:vek280_es_revb:part0:1.0 available at /opt/Xilinx/Vivado/2024.1/data/xhub/boards/XilinxBoardStore/boards/Xilinx/vek280/es/rev_b/1.0/board.xml as part xcve2802-vsvh1760-2mp-e-s-es1 specified in board_part file is either invalid or not available
WARNING: [Board 49-26] cannot add Board Part xilinx.com:vek280_es_revb:part0:1.1 available at /opt/Xilinx/Vivado/2024.1/data/xhub/boards/XilinxBoardStore/boards/Xilinx/vek280/es/rev_b/1.1/board.xml as part xcve2802-vsvh1760-2mp-e-s-es1 specified in board_part file is either invalid or not available
WARNING: [Board 49-26] cannot add Board Part xilinx.com:vhk158_es:part0:1.0 available at /opt/Xilinx/Vivado/2024.1/data/xhub/boards/XilinxBoardStore/boards/Xilinx/vhk158/es/1.0/board.xml as part xcvh1582-vsva3697-2mp-e-s-es1 specified in board_part file is either invalid or not available
WARNING: [Board 49-26] cannot add Board Part xilinx.com:vhk158_es:part0:1.1 available at /opt/Xilinx/Vivado/2024.1/data/xhub/boards/XilinxBoardStore/boards/Xilinx/vhk158/es/1.1/board.xml as part xcvh1582-vsva3697-2mp-e-s-es1 specified in board_part file is either invalid or not available
WARNING: [Board 49-26] cannot add Board Part xilinx.com:zcu208ld:part0:2.0 available at /opt/Xilinx/Vivado/2024.1/data/xhub/boards/XilinxBoardStore/boards/Xilinx/zcu208ld/production/2.0/board.xml as part xczu58dr-fsvg1517-2-i specified in board_part file is either invalid or not available
WARNING: [Board 49-26] cannot add Board Part xilinx.com:zcu216ld:part0:2.0 available at /opt/Xilinx/Vivado/2024.1/data/xhub/boards/XilinxBoardStore/boards/Xilinx/zcu216ld/production/2.0/board.xml as part xczu59dr-ffvf1760-2-i specified in board_part file is either invalid or not available
WARNING: [Board 49-26] cannot add Board Part xilinx.com:zcu670ld:part0:1.0 available at /opt/Xilinx/Vivado/2024.1/data/xhub/boards/XilinxBoardStore/boards/Xilinx/zcu670ld/1.0/board.xml as part xczu57dr-fsve1156-2-i specified in board_part file is either invalid or not available
Scanning sources...
Finished scanning sources
INFO: [IP_Flow 19-234] Refreshing IP repositories
INFO: [IP_Flow 19-1700] Loaded user IP repository '/home/grzegorz/git/ARTY_Z7/AD4030/Software/vivado/ip_repo/AD4030_1_0'.
INFO: [IP_Flow 19-2313] Loaded Vivado IP repository '/opt/Xilinx/Vivado/2024.1/data/ip'.
open_project: Time (s): cpu = 00:00:18 ; elapsed = 00:00:11 . Memory (MB): peak = 8142.719 ; gain = 524.758 ; free physical = 56712 ; free virtual = 64168
update_compile_order -fileset sources_1
open_bd_design {/home/grzegorz/git/ARTY_Z7/AD4030/Software/vivado/workbench/workbench.srcs/sources_1/bd/AD4030_BD/AD4030_BD.bd}
Reading block design file </home/grzegorz/git/ARTY_Z7/AD4030/Software/vivado/workbench/workbench.srcs/sources_1/bd/AD4030_BD/AD4030_BD.bd>...
Adding component instance block -- xilinx.com:ip:processing_system7:5.5 - processing_system7_0
Adding component instance block -- xilinx.com:ip:axi_gpio:2.0 - axi_gpio_0
Adding component instance block -- xilinx.com:ip:axi_interconnect:2.1 - ps7_0_axi_periph
Adding component instance block -- xilinx.com:ip:axi_crossbar:2.1 - xbar
Adding component instance block -- xilinx.com:ip:axi_protocol_converter:2.1 - auto_pc
Adding component instance block -- xilinx.com:ip:proc_sys_reset:5.0 - rst_ps7_0_100M
Adding component instance block -- xilinx.com:ip:system_ila:1.1 - system_ila_0
Adding component instance block -- GB:user:AD4030:1.0 - AD4030_0
Successfully read diagram <AD4030_BD> from block design file </home/grzegorz/git/ARTY_Z7/AD4030/Software/vivado/workbench/workbench.srcs/sources_1/bd/AD4030_BD/AD4030_BD.bd>
ipx::edit_ip_in_project -upgrade true -name AD4030_v1_0_project -directory /home/grzegorz/git/ARTY_Z7/AD4030/Software/vivado/workbench/workbench.tmp/AD4030_v1_0_project /home/grzegorz/git/ARTY_Z7/AD4030/Software/vivado/ip_repo/AD4030_1_0/component.xml
INFO: [IP_Flow 19-234] Refreshing IP repositories
INFO: [IP_Flow 19-1704] No user IP repositories specified
INFO: [IP_Flow 19-2313] Loaded Vivado IP repository '/opt/Xilinx/Vivado/2024.1/data/ip'.
WARNING: [Board 49-26] cannot add Board Part xilinx.com:vek280_es:part0:1.0 available at /opt/Xilinx/Vivado/2024.1/data/xhub/boards/XilinxBoardStore/boards/Xilinx/vek280/es/rev_a/1.0/board.xml as part xcve2802-vsvh1760-2lp-e-s-es1 specified in board_part file is either invalid or not available
WARNING: [Board 49-26] cannot add Board Part xilinx.com:vek280_es:part0:1.1 available at /opt/Xilinx/Vivado/2024.1/data/xhub/boards/XilinxBoardStore/boards/Xilinx/vek280/es/rev_a/1.1/board.xml as part xcve2802-vsvh1760-2lp-e-s-es1 specified in board_part file is either invalid or not available
WARNING: [Board 49-26] cannot add Board Part xilinx.com:vek280_es_revb:part0:1.0 available at /opt/Xilinx/Vivado/2024.1/data/xhub/boards/XilinxBoardStore/boards/Xilinx/vek280/es/rev_b/1.0/board.xml as part xcve2802-vsvh1760-2mp-e-s-es1 specified in board_part file is either invalid or not available
WARNING: [Board 49-26] cannot add Board Part xilinx.com:vek280_es_revb:part0:1.1 available at /opt/Xilinx/Vivado/2024.1/data/xhub/boards/XilinxBoardStore/boards/Xilinx/vek280/es/rev_b/1.1/board.xml as part xcve2802-vsvh1760-2mp-e-s-es1 specified in board_part file is either invalid or not available
WARNING: [Board 49-26] cannot add Board Part xilinx.com:vhk158_es:part0:1.0 available at /opt/Xilinx/Vivado/2024.1/data/xhub/boards/XilinxBoardStore/boards/Xilinx/vhk158/es/1.0/board.xml as part xcvh1582-vsva3697-2mp-e-s-es1 specified in board_part file is either invalid or not available
WARNING: [Board 49-26] cannot add Board Part xilinx.com:vhk158_es:part0:1.1 available at /opt/Xilinx/Vivado/2024.1/data/xhub/boards/XilinxBoardStore/boards/Xilinx/vhk158/es/1.1/board.xml as part xcvh1582-vsva3697-2mp-e-s-es1 specified in board_part file is either invalid or not available
WARNING: [Board 49-26] cannot add Board Part xilinx.com:zcu208ld:part0:2.0 available at /opt/Xilinx/Vivado/2024.1/data/xhub/boards/XilinxBoardStore/boards/Xilinx/zcu208ld/production/2.0/board.xml as part xczu58dr-fsvg1517-2-i specified in board_part file is either invalid or not available
WARNING: [Board 49-26] cannot add Board Part xilinx.com:zcu216ld:part0:2.0 available at /opt/Xilinx/Vivado/2024.1/data/xhub/boards/XilinxBoardStore/boards/Xilinx/zcu216ld/production/2.0/board.xml as part xczu59dr-ffvf1760-2-i specified in board_part file is either invalid or not available
WARNING: [Board 49-26] cannot add Board Part xilinx.com:zcu670ld:part0:1.0 available at /opt/Xilinx/Vivado/2024.1/data/xhub/boards/XilinxBoardStore/boards/Xilinx/zcu670ld/1.0/board.xml as part xczu57dr-fsve1156-2-i specified in board_part file is either invalid or not available
INFO: [IP_Flow 19-234] Refreshing IP repositories
INFO: [IP_Flow 19-1700] Loaded user IP repository '/home/grzegorz/git/ARTY_Z7/AD4030/Software/vivado/ip_repo/AD4030_1_0'.
INFO: [IP_Flow 19-795] Syncing license key meta-data
update_compile_order -fileset sim_1
update_compile_order -fileset sources_1
set_property SOURCE_SET sources_1 [get_filesets sim_1]
add_files -fileset sim_1 -norecurse /home/grzegorz/git/ARTY_Z7/AD4030/Software/vivado/ip_repo/edit_AD4030_v1_0.sim/sine_data.txt
launch_simulation
Command: launch_simulation 
INFO: [Vivado 12-12493] Simulation top is 'ad4030_axi_tb'
INFO: [Vivado 12-5682] Launching behavioral simulation in '/home/grzegorz/git/ARTY_Z7/AD4030/Software/vivado/workbench/workbench.tmp/AD4030_v1_0_project/AD4030_v1_0_project.sim/sim_1/behav/xsim'
INFO: [SIM-utils-51] Simulation object is 'sim_1'
INFO: [SIM-utils-72] Using boost library from '/opt/Xilinx/Vivado/2024.1/tps/boost_1_72_0'
INFO: [SIM-utils-54] Inspecting design source files for 'ad4030_axi_tb' in fileset 'sim_1'...
INFO: [SIM-utils-43] Exported '/home/grzegorz/git/ARTY_Z7/AD4030/Software/vivado/workbench/workbench.tmp/AD4030_v1_0_project/AD4030_v1_0_project.sim/sim_1/behav/xsim/sine_data.txt'
INFO: [USF-XSim-97] Finding global include files...
INFO: [USF-XSim-98] Fetching design files from 'sim_1'...
INFO: [USF-XSim-2] XSim::Compile design
INFO: [USF-XSim-61] Executing 'COMPILE and ANALYZE' step in '/home/grzegorz/git/ARTY_Z7/AD4030/Software/vivado/workbench/workbench.tmp/AD4030_v1_0_project/AD4030_v1_0_project.sim/sim_1/behav/xsim'
xvhdl --incr --relax -prj ad4030_axi_tb_vhdl.prj
INFO: [VRFC 10-163] Analyzing VHDL file "/home/grzegorz/git/ARTY_Z7/AD4030/Software/vivado/ip_repo/AD4030_1_0/hdl/AD4030_package.vhd" into library xil_defaultlib
INFO: [VRFC 10-163] Analyzing VHDL file "/home/grzegorz/git/ARTY_Z7/AD4030/Software/vivado/ip_repo/AD4030_1_0/hdl/AD4030.vhd" into library xil_defaultlib
INFO: [VRFC 10-3107] analyzing entity 'AD4030'
INFO: [VRFC 10-163] Analyzing VHDL file "/home/grzegorz/git/ARTY_Z7/AD4030/Software/vivado/ip_repo/AD4030_1_0/hdl/AD4030_fifo.vhdl" into library xil_defaultlib
INFO: [VRFC 10-3107] analyzing entity 'AD4030_FIFO'
INFO: [VRFC 10-163] Analyzing VHDL file "/home/grzegorz/git/ARTY_Z7/AD4030/Software/vivado/ip_repo/AD4030_1_0/hdl/AD4030_slave_lite_v1_0_S00_AXI.vhd" into library xil_defaultlib
INFO: [VRFC 10-3107] analyzing entity 'AD4030_slave_lite_v1_0_S00_AXI'
INFO: [VRFC 10-163] Analyzing VHDL file "/home/grzegorz/git/ARTY_Z7/AD4030/Software/vivado/ip_repo/AD4030_1_0/hdl/pulse_generator.vhd" into library xil_defaultlib
INFO: [VRFC 10-3107] analyzing entity 'pulse_generator'
INFO: [VRFC 10-163] Analyzing VHDL file "/home/grzegorz/git/ARTY_Z7/AD4030/Software/vivado/ip_repo/AD4030_1_0/hdl/AD4030_spi.vhd" into library xil_defaultlib
INFO: [VRFC 10-3107] analyzing entity 'ad4030_spi'
INFO: [VRFC 10-163] Analyzing VHDL file "/home/grzegorz/git/ARTY_Z7/AD4030/Software/vivado/ip_repo/AD4030_1_0/hdl/ad4030_axi_tb.vhd" into library xil_defaultlib
INFO: [VRFC 10-3107] analyzing entity 'ad4030_axi_tb'
Waiting for jobs to finish...
No pending jobs, compilation finished.
INFO: [USF-XSim-69] 'compile' step finished in '1' seconds
INFO: [USF-XSim-3] XSim::Elaborate design
INFO: [USF-XSim-61] Executing 'ELABORATE' step in '/home/grzegorz/git/ARTY_Z7/AD4030/Software/vivado/workbench/workbench.tmp/AD4030_v1_0_project/AD4030_v1_0_project.sim/sim_1/behav/xsim'
xelab --incr --debug typical --relax --mt 8 -L xil_defaultlib -L secureip --snapshot ad4030_axi_tb_behav xil_defaultlib.ad4030_axi_tb -log elaborate.log
Vivado Simulator v2024.1
Copyright 1986-2022 Xilinx, Inc. All Rights Reserved.
Copyright 2022-2024 Advanced Micro Devices, Inc. All Rights Reserved.
Running: /opt/Xilinx/Vivado/2024.1/bin/unwrapped/lnx64.o/xelab --incr --debug typical --relax --mt 8 -L xil_defaultlib -L secureip --snapshot ad4030_axi_tb_behav xil_defaultlib.ad4030_axi_tb -log elaborate.log 
Using 8 slave threads.
Starting static elaboration
Completed static elaboration
Starting simulation data flow analysis
Completed simulation data flow analysis
Time Resolution for simulation is 1ps
Compiling package std.standard
Compiling package std.textio
Compiling package ieee.std_logic_1164
Compiling package ieee.numeric_std
Compiling package ieee.std_logic_textio
Compiling package xil_defaultlib.ad4030_pkg
Compiling architecture arch_imp of entity xil_defaultlib.AD4030_slave_lite_v1_0_S00_AXI [ad4030_slave_lite_v1_0_s00_axi_d...]
Compiling architecture pulse_generator_arch of entity xil_defaultlib.pulse_generator [\pulse_generator(pulse_width_siz...]
Compiling architecture ad4030_fifo_arch of entity xil_defaultlib.AD4030_FIFO [\AD4030_FIFO(data_width=24,fifo_...]
Compiling architecture ad4030_spi_arch of entity xil_defaultlib.ad4030_spi [\ad4030_spi(spi_clk_div=10,pulse...]
Compiling architecture arch_imp of entity xil_defaultlib.AD4030 [ad4030_default]
Compiling architecture testbench of entity xil_defaultlib.ad4030_axi_tb
Built simulation snapshot ad4030_axi_tb_behav
INFO: [USF-XSim-69] 'elaborate' step finished in '3' seconds
INFO: [USF-XSim-4] XSim::Simulate design
INFO: [USF-XSim-61] Executing 'SIMULATE' step in '/home/grzegorz/git/ARTY_Z7/AD4030/Software/vivado/workbench/workbench.tmp/AD4030_v1_0_project/AD4030_v1_0_project.sim/sim_1/behav/xsim'
INFO: [USF-XSim-98] *** Running xsim
   with args "ad4030_axi_tb_behav -key {Behavioral:sim_1:Functional:ad4030_axi_tb} -tclbatch {ad4030_axi_tb.tcl} -log {simulate.log}"
INFO: [USF-XSim-8] Loading simulator feature
Time resolution is 1 ps
source ad4030_axi_tb.tcl
# set curr_wave [current_wave_config]
# if { [string length $curr_wave] == 0 } {
#   if { [llength [get_objects]] > 0} {
#     add_wave /
#     set_property needs_save false [current_wave_config]
#   } else {
#      send_msg_id Add_Wave-1 WARNING "No top level signals found. Simulator will start without a wave window. If you want to open a wave window go to 'File->New Waveform Configuration' or type 'create_wave_config' in the TCL console."
#   }
# }
# run 1000ns
INFO: [USF-XSim-96] XSim completed. Design snapshot 'ad4030_axi_tb_behav' loaded.
INFO: [USF-XSim-97] XSim simulation ran for 1000ns
launch_simulation: Time (s): cpu = 00:00:09 ; elapsed = 00:00:07 . Memory (MB): peak = 8608.188 ; gain = 49.152 ; free physical = 54724 ; free virtual = 62942
run 10 us
run 10 us
run 10 us
run 10 us
run 10 us
close_sim
INFO: [Simtcl 6-16] Simulation closed
ipx::merge_project_changes files [ipx::current_core]
set_property core_revision 35 [ipx::current_core]
ipx::update_source_project_archive -component [ipx::current_core]
ipx::create_xgui_files [ipx::current_core]
ipx::update_checksums [ipx::current_core]
ipx::check_integrity [ipx::current_core]
WARNING: [IP_Flow 19-11770] Clock interface 's00_axi_aclk' has no FREQ_HZ parameter.
INFO: [IP_Flow 19-2181] Payment is not required for this core.
WARNING: [IP_Flow 19-2187] The Product Guide file is missing.
INFO: [Ipptcl 7-1486] check_integrity: Integrity check passed.
ipx::save_core [ipx::current_core]
ipx::move_temp_component_back -component [ipx::current_core]
close_project
update_ip_catalog -rebuild -repo_path /home/grzegorz/git/ARTY_Z7/AD4030/Software/vivado/ip_repo/AD4030_1_0
INFO: [IP_Flow 19-725] Reloaded user IP repository '/home/grzegorz/git/ARTY_Z7/AD4030/Software/vivado/ip_repo/AD4030_1_0'
report_ip_status -name ip_status 
upgrade_ip -vlnv GB:user:AD4030:1.0 [get_ips  AD4030_BD_AD4030_0_0] -log ip_upgrade.log
Upgrading '/home/grzegorz/git/ARTY_Z7/AD4030/Software/vivado/workbench/workbench.srcs/sources_1/bd/AD4030_BD/AD4030_BD.bd'
INFO: [IP_Flow 19-3422] Upgraded AD4030_BD_AD4030_0_0 (AD4030_v1.0 1.0) from revision 34 to revision 35
Wrote  : </home/grzegorz/git/ARTY_Z7/AD4030/Software/vivado/workbench/workbench.srcs/sources_1/bd/AD4030_BD/AD4030_BD.bd> 
INFO: [Coretcl 2-1525] Wrote upgrade log to '/home/grzegorz/git/ARTY_Z7/AD4030/Software/vivado/workbench/ip_upgrade.log'.
export_ip_user_files -of_objects [get_ips AD4030_BD_AD4030_0_0] -no_script -sync -force -quiet
report_ip_status -name ip_status 
launch_runs impl_1 -to_step write_bitstream -jobs 12
WARNING: [BD 41-1781] Updates have been made to one or more nets/interface connections marked for debug.
Debug nets, which are already connected to any ILA IP core in the block-design, will be automatically available for debug in Hardware Manager.
For unconnected Debug nets, please open synthesized design and use 'Set Up Debug' wizard to insert, modify or delete Debug Cores. 
WARNING: [BD 41-702] Propagation TCL tries to overwrite USER strength parameter PCW_M_AXI_GP0_FREQMHZ(10) on '/processing_system7_0' with propagated value(100). Command ignored
Wrote  : </home/grzegorz/git/ARTY_Z7/AD4030/Software/vivado/workbench/workbench.srcs/sources_1/bd/AD4030_BD/AD4030_BD.bd> 
VHDL Output written to : /home/grzegorz/git/ARTY_Z7/AD4030/Software/vivado/workbench/workbench.gen/sources_1/bd/AD4030_BD/synth/AD4030_BD.vhd
VHDL Output written to : /home/grzegorz/git/ARTY_Z7/AD4030/Software/vivado/workbench/workbench.gen/sources_1/bd/AD4030_BD/sim/AD4030_BD.vhd
VHDL Output written to : /home/grzegorz/git/ARTY_Z7/AD4030/Software/vivado/workbench/workbench.gen/sources_1/bd/AD4030_BD/hdl/AD4030_BD_wrapper.vhd
WARNING: [IP_Flow 19-4994] Overwriting existing constraint file '/home/grzegorz/git/ARTY_Z7/AD4030/Software/vivado/workbench/workbench.gen/sources_1/bd/AD4030_BD/ip/AD4030_BD_system_ila_0_0/AD4030_BD_system_ila_0_0_ooc.xdc'
Exporting to file /home/grzegorz/git/ARTY_Z7/AD4030/Software/vivado/workbench/workbench.gen/sources_1/bd/AD4030_BD/ip/AD4030_BD_system_ila_0_0/bd_0/hw_handoff/AD4030_BD_system_ila_0_0.hwh
Generated Hardware Definition File /home/grzegorz/git/ARTY_Z7/AD4030/Software/vivado/workbench/workbench.gen/sources_1/bd/AD4030_BD/ip/AD4030_BD_system_ila_0_0/bd_0/synth/AD4030_BD_system_ila_0_0.hwdef
INFO: [BD 41-1029] Generation completed for the IP Integrator block system_ila_0 .
INFO: [BD 41-1029] Generation completed for the IP Integrator block AD4030_0 .
WARNING: [IP_Flow 19-4994] Overwriting existing constraint file '/home/grzegorz/git/ARTY_Z7/AD4030/Software/vivado/workbench/workbench.gen/sources_1/bd/AD4030_BD/ip/AD4030_BD_auto_pc_0/AD4030_BD_auto_pc_0_ooc.xdc'
INFO: [BD 41-1029] Generation completed for the IP Integrator block ps7_0_axi_periph/s00_couplers/auto_pc .
Exporting to file /home/grzegorz/git/ARTY_Z7/AD4030/Software/vivado/workbench/workbench.gen/sources_1/bd/AD4030_BD/hw_handoff/AD4030_BD.hwh
Generated Hardware Definition File /home/grzegorz/git/ARTY_Z7/AD4030/Software/vivado/workbench/workbench.gen/sources_1/bd/AD4030_BD/synth/AD4030_BD.hwdef
INFO: [IP_Flow 19-6930] IPCACHE: runCacheChecks() number of threads = 8
INFO: [IP_Flow 19-6921] IPCACHE: Adding cache check func to thread queue for IP AD4030_BD_AD4030_0_0
INFO: [IP_Flow 19-6921] IPCACHE: Adding cache check func to thread queue for IP AD4030_BD_auto_pc_0
INFO: [IP_Flow 19-6921] IPCACHE: Adding cache check func to thread queue for IP AD4030_BD_system_ila_0_0
INFO: [IP_Flow 19-8020] IPCACHE: runCacheChecks() calling threadPool finishWork()
INFO: [IP_Flow 19-6924] IPCACHE: Running cache check for IP inst: AD4030_BD_AD4030_0_0
INFO: [IP_Flow 19-6924] IPCACHE: Running cache check for IP inst: AD4030_BD_auto_pc_0
INFO: [IP_Flow 19-6922] IPCACHE: Exporting cached entry 9c5faa24eda63c5c to dir: /home/grzegorz/git/ARTY_Z7/AD4030/Software/vivado/workbench/workbench.gen/sources_1/bd/AD4030_BD/ip/AD4030_BD_auto_pc_0
INFO: [IP_Flow 19-6928] IPCACHE: copied cached file /home/grzegorz/git/ARTY_Z7/AD4030/Software/vivado/workbench/workbench.cache/ip/2024.1/9/c/9c5faa24eda63c5c/AD4030_BD_auto_pc_0_stub.v to /home/grzegorz/git/ARTY_Z7/AD4030/Software/vivado/workbench/workbench.gen/sources_1/bd/AD4030_BD/ip/AD4030_BD_auto_pc_0/AD4030_BD_auto_pc_0_stub.v.
INFO: [IP_Flow 19-6926] IPCACHE: added file to list for BOM: /home/grzegorz/git/ARTY_Z7/AD4030/Software/vivado/workbench/workbench.gen/sources_1/bd/AD4030_BD/ip/AD4030_BD_auto_pc_0/AD4030_BD_auto_pc_0_stub.v
INFO: [IP_Flow 19-6928] IPCACHE: copied cached file /home/grzegorz/git/ARTY_Z7/AD4030/Software/vivado/workbench/workbench.cache/ip/2024.1/9/c/9c5faa24eda63c5c/AD4030_BD_auto_pc_0_sim_netlist.vhdl to /home/grzegorz/git/ARTY_Z7/AD4030/Software/vivado/workbench/workbench.gen/sources_1/bd/AD4030_BD/ip/AD4030_BD_auto_pc_0/AD4030_BD_auto_pc_0_sim_netlist.vhdl.
INFO: [IP_Flow 19-6926] IPCACHE: added file to list for BOM: /home/grzegorz/git/ARTY_Z7/AD4030/Software/vivado/workbench/workbench.gen/sources_1/bd/AD4030_BD/ip/AD4030_BD_auto_pc_0/AD4030_BD_auto_pc_0_sim_netlist.vhdl
INFO: [IP_Flow 19-6928] IPCACHE: copied cached file /home/grzegorz/git/ARTY_Z7/AD4030/Software/vivado/workbench/workbench.cache/ip/2024.1/9/c/9c5faa24eda63c5c/AD4030_BD_auto_pc_0_sim_netlist.v to /home/grzegorz/git/ARTY_Z7/AD4030/Software/vivado/workbench/workbench.gen/sources_1/bd/AD4030_BD/ip/AD4030_BD_auto_pc_0/AD4030_BD_auto_pc_0_sim_netlist.v.
INFO: [IP_Flow 19-6926] IPCACHE: added file to list for BOM: /home/grzegorz/git/ARTY_Z7/AD4030/Software/vivado/workbench/workbench.gen/sources_1/bd/AD4030_BD/ip/AD4030_BD_auto_pc_0/AD4030_BD_auto_pc_0_sim_netlist.v
INFO: [IP_Flow 19-6928] IPCACHE: copied cached file /home/grzegorz/git/ARTY_Z7/AD4030/Software/vivado/workbench/workbench.cache/ip/2024.1/9/c/9c5faa24eda63c5c/AD4030_BD_auto_pc_0_stub.vhdl to /home/grzegorz/git/ARTY_Z7/AD4030/Software/vivado/workbench/workbench.gen/sources_1/bd/AD4030_BD/ip/AD4030_BD_auto_pc_0/AD4030_BD_auto_pc_0_stub.vhdl.
INFO: [IP_Flow 19-6926] IPCACHE: added file to list for BOM: /home/grzegorz/git/ARTY_Z7/AD4030/Software/vivado/workbench/workbench.gen/sources_1/bd/AD4030_BD/ip/AD4030_BD_auto_pc_0/AD4030_BD_auto_pc_0_stub.vhdl
INFO: [IP_Flow 19-6928] IPCACHE: copied cached file /home/grzegorz/git/ARTY_Z7/AD4030/Software/vivado/workbench/workbench.cache/ip/2024.1/9/c/9c5faa24eda63c5c/AD4030_BD_auto_pc_0.dcp to /home/grzegorz/git/ARTY_Z7/AD4030/Software/vivado/workbench/workbench.gen/sources_1/bd/AD4030_BD/ip/AD4030_BD_auto_pc_0/AD4030_BD_auto_pc_0.dcp.
INFO: [IP_Flow 19-6926] IPCACHE: added file to list for BOM: /home/grzegorz/git/ARTY_Z7/AD4030/Software/vivado/workbench/workbench.gen/sources_1/bd/AD4030_BD/ip/AD4030_BD_auto_pc_0/AD4030_BD_auto_pc_0.dcp
INFO: [IP_Flow 19-4993] Using cached IP synthesis design for IP AD4030_BD_auto_pc_0, cache-ID = 9c5faa24eda63c5c; cache size = 60.858 MB.
INFO: [IP_Flow 19-6924] IPCACHE: Running cache check for IP inst: AD4030_BD_system_ila_0_0
INFO: [IP_Flow 19-6922] IPCACHE: Exporting cached entry db7e3f7f119fb275 to dir: /home/grzegorz/git/ARTY_Z7/AD4030/Software/vivado/workbench/workbench.gen/sources_1/bd/AD4030_BD/ip/AD4030_BD_system_ila_0_0
INFO: [IP_Flow 19-6928] IPCACHE: copied cached file /home/grzegorz/git/ARTY_Z7/AD4030/Software/vivado/workbench/workbench.cache/ip/2024.1/d/b/db7e3f7f119fb275/AD4030_BD_system_ila_0_0_sim_netlist.v to /home/grzegorz/git/ARTY_Z7/AD4030/Software/vivado/workbench/workbench.gen/sources_1/bd/AD4030_BD/ip/AD4030_BD_system_ila_0_0/AD4030_BD_system_ila_0_0_sim_netlist.v.
INFO: [IP_Flow 19-6926] IPCACHE: added file to list for BOM: /home/grzegorz/git/ARTY_Z7/AD4030/Software/vivado/workbench/workbench.gen/sources_1/bd/AD4030_BD/ip/AD4030_BD_system_ila_0_0/AD4030_BD_system_ila_0_0_sim_netlist.v
INFO: [IP_Flow 19-6928] IPCACHE: copied cached file /home/grzegorz/git/ARTY_Z7/AD4030/Software/vivado/workbench/workbench.cache/ip/2024.1/d/b/db7e3f7f119fb275/AD4030_BD_system_ila_0_0.dcp to /home/grzegorz/git/ARTY_Z7/AD4030/Software/vivado/workbench/workbench.gen/sources_1/bd/AD4030_BD/ip/AD4030_BD_system_ila_0_0/AD4030_BD_system_ila_0_0.dcp.
INFO: [IP_Flow 19-6926] IPCACHE: added file to list for BOM: /home/grzegorz/git/ARTY_Z7/AD4030/Software/vivado/workbench/workbench.gen/sources_1/bd/AD4030_BD/ip/AD4030_BD_system_ila_0_0/AD4030_BD_system_ila_0_0.dcp
INFO: [IP_Flow 19-6928] IPCACHE: copied cached file /home/grzegorz/git/ARTY_Z7/AD4030/Software/vivado/workbench/workbench.cache/ip/2024.1/d/b/db7e3f7f119fb275/AD4030_BD_system_ila_0_0_stub.vhdl to /home/grzegorz/git/ARTY_Z7/AD4030/Software/vivado/workbench/workbench.gen/sources_1/bd/AD4030_BD/ip/AD4030_BD_system_ila_0_0/AD4030_BD_system_ila_0_0_stub.vhdl.
INFO: [IP_Flow 19-6926] IPCACHE: added file to list for BOM: /home/grzegorz/git/ARTY_Z7/AD4030/Software/vivado/workbench/workbench.gen/sources_1/bd/AD4030_BD/ip/AD4030_BD_system_ila_0_0/AD4030_BD_system_ila_0_0_stub.vhdl
INFO: [IP_Flow 19-6928] IPCACHE: copied cached file /home/grzegorz/git/ARTY_Z7/AD4030/Software/vivado/workbench/workbench.cache/ip/2024.1/d/b/db7e3f7f119fb275/AD4030_BD_system_ila_0_0_sim_netlist.vhdl to /home/grzegorz/git/ARTY_Z7/AD4030/Software/vivado/workbench/workbench.gen/sources_1/bd/AD4030_BD/ip/AD4030_BD_system_ila_0_0/AD4030_BD_system_ila_0_0_sim_netlist.vhdl.
INFO: [IP_Flow 19-6926] IPCACHE: added file to list for BOM: /home/grzegorz/git/ARTY_Z7/AD4030/Software/vivado/workbench/workbench.gen/sources_1/bd/AD4030_BD/ip/AD4030_BD_system_ila_0_0/AD4030_BD_system_ila_0_0_sim_netlist.vhdl
INFO: [IP_Flow 19-6928] IPCACHE: copied cached file /home/grzegorz/git/ARTY_Z7/AD4030/Software/vivado/workbench/workbench.cache/ip/2024.1/d/b/db7e3f7f119fb275/AD4030_BD_system_ila_0_0_stub.v to /home/grzegorz/git/ARTY_Z7/AD4030/Software/vivado/workbench/workbench.gen/sources_1/bd/AD4030_BD/ip/AD4030_BD_system_ila_0_0/AD4030_BD_system_ila_0_0_stub.v.
INFO: [IP_Flow 19-6926] IPCACHE: added file to list for BOM: /home/grzegorz/git/ARTY_Z7/AD4030/Software/vivado/workbench/workbench.gen/sources_1/bd/AD4030_BD/ip/AD4030_BD_system_ila_0_0/AD4030_BD_system_ila_0_0_stub.v
INFO: [IP_Flow 19-4993] Using cached IP synthesis design for IP AD4030_BD_system_ila_0_0, cache-ID = db7e3f7f119fb275; cache size = 60.858 MB.
[Sun Jul  5 20:35:36 2026] Launched AD4030_BD_AD4030_0_0_synth_1, synth_1...
Run output will be captured here:
AD4030_BD_AD4030_0_0_synth_1: /home/grzegorz/git/ARTY_Z7/AD4030/Software/vivado/workbench/workbench.runs/AD4030_BD_AD4030_0_0_synth_1/runme.log
synth_1: /home/grzegorz/git/ARTY_Z7/AD4030/Software/vivado/workbench/workbench.runs/synth_1/runme.log
[Sun Jul  5 20:35:36 2026] Launched impl_1...
Run output will be captured here: /home/grzegorz/git/ARTY_Z7/AD4030/Software/vivado/workbench/workbench.runs/impl_1/runme.log
launch_runs: Time (s): cpu = 00:00:23 ; elapsed = 00:00:22 . Memory (MB): peak = 9158.844 ; gain = 450.285 ; free physical = 52010 ; free virtual = 61116
write_hw_platform -fixed -include_bit -force -file /home/grzegorz/git/ARTY_Z7/AD4030/Software/vivado/workbench/AD4030_BD_wrapper.xsa
INFO: [Project 1-1918] Creating Hardware Platform: /home/grzegorz/git/ARTY_Z7/AD4030/Software/vivado/workbench/AD4030_BD_wrapper.xsa ...
WARNING: [Project 1-645] Board images not set in Hardware Platform.
INFO: [Project 1-1943] The Hardware Platform can be used for Hardware
INFO: [Project 1-1941] Successfully created Hardware Platform: /home/grzegorz/git/ARTY_Z7/AD4030/Software/vivado/workbench/AD4030_BD_wrapper.xsa
INFO: [Hsi 55-2053] elapsed time for repository (/opt/Xilinx/Vivado/2024.1/data/embeddedsw) loading 0 seconds
write_hw_platform: Time (s): cpu = 00:00:09 ; elapsed = 00:00:08 . Memory (MB): peak = 9260.496 ; gain = 101.652 ; free physical = 52183 ; free virtual = 61409
reset_run synth_1
INFO: [Project 1-1161] Replacing file /home/grzegorz/git/ARTY_Z7/AD4030/Software/vivado/workbench/workbench.srcs/utils_1/imports/synth_1/ad4030_spi.dcp with file /home/grzegorz/git/ARTY_Z7/AD4030/Software/vivado/workbench/workbench.runs/synth_1/AD4030_BD_wrapper.dcp
